[15-Apr-2025 02:35:36 Europe/Berlin] PHP Warning:  require_once(C:\xampp\htdocs\projetWeb\mvcEvent\View\FrontOffice/../Controller/EventController.php): Failed to open stream: No such file or directory in C:\xampp\htdocs\projetWeb\mvcEvent\View\FrontOffice\check_updates.php on line 12
[15-Apr-2025 02:35:36 Europe/Berlin] PHP Fatal error:  Uncaught Error: Failed opening required 'C:\xampp\htdocs\projetWeb\mvcEvent\View\FrontOffice/../Controller/EventController.php' (include_path='C:\xampp\php\PEAR') in C:\xampp\htdocs\projetWeb\mvcEvent\View\FrontOffice\check_updates.php:12
Stack trace:
#0 {main}
  thrown in C:\xampp\htdocs\projetWeb\mvcEvent\View\FrontOffice\check_updates.php on line 12
[15-Apr-2025 02:35:39 Europe/Berlin] PHP Warning:  require_once(C:\xampp\htdocs\projetWeb\mvcEvent\View\FrontOffice/../Controller/EventController.php): Failed to open stream: No such file or directory in C:\xampp\htdocs\projetWeb\mvcEvent\View\FrontOffice\check_updates.php on line 12
[15-Apr-2025 02:35:39 Europe/Berlin] PHP Fatal error:  Uncaught Error: Failed opening required 'C:\xampp\htdocs\projetWeb\mvcEvent\View\FrontOffice/../Controller/EventController.php' (include_path='C:\xampp\php\PEAR') in C:\xampp\htdocs\projetWeb\mvcEvent\View\FrontOffice\check_updates.php:12
Stack trace:
#0 {main}
  thrown in C:\xampp\htdocs\projetWeb\mvcEvent\View\FrontOffice\check_updates.php on line 12
[15-Apr-2025 02:35:42 Europe/Berlin] PHP Warning:  require_once(C:\xampp\htdocs\projetWeb\mvcEvent\View\FrontOffice/../Controller/EventController.php): Failed to open stream: No such file or directory in C:\xampp\htdocs\projetWeb\mvcEvent\View\FrontOffice\check_updates.php on line 12
[15-Apr-2025 02:35:42 Europe/Berlin] PHP Fatal error:  Uncaught Error: Failed opening required 'C:\xampp\htdocs\projetWeb\mvcEvent\View\FrontOffice/../Controller/EventController.php' (include_path='C:\xampp\php\PEAR') in C:\xampp\htdocs\projetWeb\mvcEvent\View\FrontOffice\check_updates.php:12
Stack trace:
#0 {main}
  thrown in C:\xampp\htdocs\projetWeb\mvcEvent\View\FrontOffice\check_updates.php on line 12
[15-Apr-2025 02:35:45 Europe/Berlin] PHP Warning:  require_once(C:\xampp\htdocs\projetWeb\mvcEvent\View\FrontOffice/../Controller/EventController.php): Failed to open stream: No such file or directory in C:\xampp\htdocs\projetWeb\mvcEvent\View\FrontOffice\check_updates.php on line 12
[15-Apr-2025 02:35:45 Europe/Berlin] PHP Fatal error:  Uncaught Error: Failed opening required 'C:\xampp\htdocs\projetWeb\mvcEvent\View\FrontOffice/../Controller/EventController.php' (include_path='C:\xampp\php\PEAR') in C:\xampp\htdocs\projetWeb\mvcEvent\View\FrontOffice\check_updates.php:12
Stack trace:
#0 {main}
  thrown in C:\xampp\htdocs\projetWeb\mvcEvent\View\FrontOffice\check_updates.php on line 12
[15-Apr-2025 02:35:48 Europe/Berlin] PHP Warning:  require_once(C:\xampp\htdocs\projetWeb\mvcEvent\View\FrontOffice/../Controller/EventController.php): Failed to open stream: No such file or directory in C:\xampp\htdocs\projetWeb\mvcEvent\View\FrontOffice\check_updates.php on line 12
[15-Apr-2025 02:35:48 Europe/Berlin] PHP Fatal error:  Uncaught Error: Failed opening required 'C:\xampp\htdocs\projetWeb\mvcEvent\View\FrontOffice/../Controller/EventController.php' (include_path='C:\xampp\php\PEAR') in C:\xampp\htdocs\projetWeb\mvcEvent\View\FrontOffice\check_updates.php:12
Stack trace:
#0 {main}
  thrown in C:\xampp\htdocs\projetWeb\mvcEvent\View\FrontOffice\check_updates.php on line 12
[15-Apr-2025 02:35:51 Europe/Berlin] PHP Warning:  require_once(C:\xampp\htdocs\projetWeb\mvcEvent\View\FrontOffice/../Controller/EventController.php): Failed to open stream: No such file or directory in C:\xampp\htdocs\projetWeb\mvcEvent\View\FrontOffice\check_updates.php on line 12
[15-Apr-2025 02:35:51 Europe/Berlin] PHP Fatal error:  Uncaught Error: Failed opening required 'C:\xampp\htdocs\projetWeb\mvcEvent\View\FrontOffice/../Controller/EventController.php' (include_path='C:\xampp\php\PEAR') in C:\xampp\htdocs\projetWeb\mvcEvent\View\FrontOffice\check_updates.php:12
Stack trace:
#0 {main}
  thrown in C:\xampp\htdocs\projetWeb\mvcEvent\View\FrontOffice\check_updates.php on line 12
[15-Apr-2025 02:35:54 Europe/Berlin] PHP Warning:  require_once(C:\xampp\htdocs\projetWeb\mvcEvent\View\FrontOffice/../Controller/EventController.php): Failed to open stream: No such file or directory in C:\xampp\htdocs\projetWeb\mvcEvent\View\FrontOffice\check_updates.php on line 12
[15-Apr-2025 02:35:54 Europe/Berlin] PHP Fatal error:  Uncaught Error: Failed opening required 'C:\xampp\htdocs\projetWeb\mvcEvent\View\FrontOffice/../Controller/EventController.php' (include_path='C:\xampp\php\PEAR') in C:\xampp\htdocs\projetWeb\mvcEvent\View\FrontOffice\check_updates.php:12
Stack trace:
#0 {main}
  thrown in C:\xampp\htdocs\projetWeb\mvcEvent\View\FrontOffice\check_updates.php on line 12
[15-Apr-2025 02:35:57 Europe/Berlin] PHP Warning:  require_once(C:\xampp\htdocs\projetWeb\mvcEvent\View\FrontOffice/../Controller/EventController.php): Failed to open stream: No such file or directory in C:\xampp\htdocs\projetWeb\mvcEvent\View\FrontOffice\check_updates.php on line 12
[15-Apr-2025 02:35:57 Europe/Berlin] PHP Fatal error:  Uncaught Error: Failed opening required 'C:\xampp\htdocs\projetWeb\mvcEvent\View\FrontOffice/../Controller/EventController.php' (include_path='C:\xampp\php\PEAR') in C:\xampp\htdocs\projetWeb\mvcEvent\View\FrontOffice\check_updates.php:12
Stack trace:
#0 {main}
  thrown in C:\xampp\htdocs\projetWeb\mvcEvent\View\FrontOffice\check_updates.php on line 12
[15-Apr-2025 02:36:01 Europe/Berlin] PHP Warning:  require_once(C:\xampp\htdocs\projetWeb\mvcEvent\View\FrontOffice/../Controller/EventController.php): Failed to open stream: No such file or directory in C:\xampp\htdocs\projetWeb\mvcEvent\View\FrontOffice\check_updates.php on line 12
[15-Apr-2025 02:36:01 Europe/Berlin] PHP Fatal error:  Uncaught Error: Failed opening required 'C:\xampp\htdocs\projetWeb\mvcEvent\View\FrontOffice/../Controller/EventController.php' (include_path='C:\xampp\php\PEAR') in C:\xampp\htdocs\projetWeb\mvcEvent\View\FrontOffice\check_updates.php:12
Stack trace:
#0 {main}
  thrown in C:\xampp\htdocs\projetWeb\mvcEvent\View\FrontOffice\check_updates.php on line 12
[15-Apr-2025 02:36:03 Europe/Berlin] PHP Warning:  require_once(C:\xampp\htdocs\projetWeb\mvcEvent\View\FrontOffice/../Controller/EventController.php): Failed to open stream: No such file or directory in C:\xampp\htdocs\projetWeb\mvcEvent\View\FrontOffice\check_updates.php on line 12
[15-Apr-2025 02:36:03 Europe/Berlin] PHP Fatal error:  Uncaught Error: Failed opening required 'C:\xampp\htdocs\projetWeb\mvcEvent\View\FrontOffice/../Controller/EventController.php' (include_path='C:\xampp\php\PEAR') in C:\xampp\htdocs\projetWeb\mvcEvent\View\FrontOffice\check_updates.php:12
Stack trace:
#0 {main}
  thrown in C:\xampp\htdocs\projetWeb\mvcEvent\View\FrontOffice\check_updates.php on line 12
[15-Apr-2025 02:36:09 Europe/Berlin] PHP Warning:  require_once(C:\xampp\htdocs\projetWeb\mvcEvent\View\FrontOffice/../Controller/EventController.php): Failed to open stream: No such file or directory in C:\xampp\htdocs\projetWeb\mvcEvent\View\FrontOffice\check_updates.php on line 12
[15-Apr-2025 02:36:09 Europe/Berlin] PHP Fatal error:  Uncaught Error: Failed opening required 'C:\xampp\htdocs\projetWeb\mvcEvent\View\FrontOffice/../Controller/EventController.php' (include_path='C:\xampp\php\PEAR') in C:\xampp\htdocs\projetWeb\mvcEvent\View\FrontOffice\check_updates.php:12
Stack trace:
#0 {main}
  thrown in C:\xampp\htdocs\projetWeb\mvcEvent\View\FrontOffice\check_updates.php on line 12
[15-Apr-2025 02:36:12 Europe/Berlin] PHP Warning:  require_once(C:\xampp\htdocs\projetWeb\mvcEvent\View\FrontOffice/../Controller/EventController.php): Failed to open stream: No such file or directory in C:\xampp\htdocs\projetWeb\mvcEvent\View\FrontOffice\check_updates.php on line 12
[15-Apr-2025 02:36:12 Europe/Berlin] PHP Fatal error:  Uncaught Error: Failed opening required 'C:\xampp\htdocs\projetWeb\mvcEvent\View\FrontOffice/../Controller/EventController.php' (include_path='C:\xampp\php\PEAR') in C:\xampp\htdocs\projetWeb\mvcEvent\View\FrontOffice\check_updates.php:12
Stack trace:
#0 {main}
  thrown in C:\xampp\htdocs\projetWeb\mvcEvent\View\FrontOffice\check_updates.php on line 12
[15-Apr-2025 02:36:47 Europe/Berlin] PHP Warning:  require_once(C:\xampp\htdocs\projetWeb\mvcEvent\View\FrontOffice/../Controller/EventController.php): Failed to open stream: No such file or directory in C:\xampp\htdocs\projetWeb\mvcEvent\View\FrontOffice\check_updates.php on line 12
[15-Apr-2025 02:36:47 Europe/Berlin] PHP Fatal error:  Uncaught Error: Failed opening required 'C:\xampp\htdocs\projetWeb\mvcEvent\View\FrontOffice/../Controller/EventController.php' (include_path='C:\xampp\php\PEAR') in C:\xampp\htdocs\projetWeb\mvcEvent\View\FrontOffice\check_updates.php:12
Stack trace:
#0 {main}
  thrown in C:\xampp\htdocs\projetWeb\mvcEvent\View\FrontOffice\check_updates.php on line 12
[15-Apr-2025 02:37:47 Europe/Berlin] PHP Warning:  require_once(C:\xampp\htdocs\projetWeb\mvcEvent\View\FrontOffice/../Controller/EventController.php): Failed to open stream: No such file or directory in C:\xampp\htdocs\projetWeb\mvcEvent\View\FrontOffice\check_updates.php on line 12
[15-Apr-2025 02:37:47 Europe/Berlin] PHP Fatal error:  Uncaught Error: Failed opening required 'C:\xampp\htdocs\projetWeb\mvcEvent\View\FrontOffice/../Controller/EventController.php' (include_path='C:\xampp\php\PEAR') in C:\xampp\htdocs\projetWeb\mvcEvent\View\FrontOffice\check_updates.php:12
Stack trace:
#0 {main}
  thrown in C:\xampp\htdocs\projetWeb\mvcEvent\View\FrontOffice\check_updates.php on line 12
[15-Apr-2025 02:38:47 Europe/Berlin] PHP Warning:  require_once(C:\xampp\htdocs\projetWeb\mvcEvent\View\FrontOffice/../Controller/EventController.php): Failed to open stream: No such file or directory in C:\xampp\htdocs\projetWeb\mvcEvent\View\FrontOffice\check_updates.php on line 14
[15-Apr-2025 02:38:47 Europe/Berlin] PHP Fatal error:  Uncaught Error: Failed opening required 'C:\xampp\htdocs\projetWeb\mvcEvent\View\FrontOffice/../Controller/EventController.php' (include_path='C:\xampp\php\PEAR') in C:\xampp\htdocs\projetWeb\mvcEvent\View\FrontOffice\check_updates.php:14
Stack trace:
#0 {main}
  thrown in C:\xampp\htdocs\projetWeb\mvcEvent\View\FrontOffice\check_updates.php on line 14
[15-Apr-2025 02:39:22 Europe/Berlin] PHP Warning:  require_once(C:\xampp\htdocs\projetWeb\mvcEvent\View\FrontOffice/../Controller/EventController.php): Failed to open stream: No such file or directory in C:\xampp\htdocs\projetWeb\mvcEvent\View\FrontOffice\check_updates.php on line 14
[15-Apr-2025 02:39:22 Europe/Berlin] PHP Fatal error:  Uncaught Error: Failed opening required 'C:\xampp\htdocs\projetWeb\mvcEvent\View\FrontOffice/../Controller/EventController.php' (include_path='C:\xampp\php\PEAR') in C:\xampp\htdocs\projetWeb\mvcEvent\View\FrontOffice\check_updates.php:14
Stack trace:
#0 {main}
  thrown in C:\xampp\htdocs\projetWeb\mvcEvent\View\FrontOffice\check_updates.php on line 14
[15-Apr-2025 02:39:24 Europe/Berlin] PHP Warning:  require_once(C:\xampp\htdocs\projetWeb\mvcEvent\View\FrontOffice/../Controller/EventController.php): Failed to open stream: No such file or directory in C:\xampp\htdocs\projetWeb\mvcEvent\View\FrontOffice\check_updates.php on line 14
[15-Apr-2025 02:39:24 Europe/Berlin] PHP Fatal error:  Uncaught Error: Failed opening required 'C:\xampp\htdocs\projetWeb\mvcEvent\View\FrontOffice/../Controller/EventController.php' (include_path='C:\xampp\php\PEAR') in C:\xampp\htdocs\projetWeb\mvcEvent\View\FrontOffice\check_updates.php:14
Stack trace:
#0 {main}
  thrown in C:\xampp\htdocs\projetWeb\mvcEvent\View\FrontOffice\check_updates.php on line 14
[15-Apr-2025 02:39:29 Europe/Berlin] PHP Warning:  require_once(C:\xampp\htdocs\projetWeb\mvcEvent\View\FrontOffice/../Controller/EventController.php): Failed to open stream: No such file or directory in C:\xampp\htdocs\projetWeb\mvcEvent\View\FrontOffice\check_updates.php on line 14
[15-Apr-2025 02:39:29 Europe/Berlin] PHP Fatal error:  Uncaught Error: Failed opening required 'C:\xampp\htdocs\projetWeb\mvcEvent\View\FrontOffice/../Controller/EventController.php' (include_path='C:\xampp\php\PEAR') in C:\xampp\htdocs\projetWeb\mvcEvent\View\FrontOffice\check_updates.php:14
Stack trace:
#0 {main}
  thrown in C:\xampp\htdocs\projetWeb\mvcEvent\View\FrontOffice\check_updates.php on line 14
[15-Apr-2025 02:39:34 Europe/Berlin] PHP Warning:  require_once(C:\xampp\htdocs\projetWeb\mvcEvent\View\FrontOffice/../Controller/EventController.php): Failed to open stream: No such file or directory in C:\xampp\htdocs\projetWeb\mvcEvent\View\FrontOffice\check_updates.php on line 14
[15-Apr-2025 02:39:34 Europe/Berlin] PHP Fatal error:  Uncaught Error: Failed opening required 'C:\xampp\htdocs\projetWeb\mvcEvent\View\FrontOffice/../Controller/EventController.php' (include_path='C:\xampp\php\PEAR') in C:\xampp\htdocs\projetWeb\mvcEvent\View\FrontOffice\check_updates.php:14
Stack trace:
#0 {main}
  thrown in C:\xampp\htdocs\projetWeb\mvcEvent\View\FrontOffice\check_updates.php on line 14
[15-Apr-2025 02:39:39 Europe/Berlin] PHP Warning:  require_once(C:\xampp\htdocs\projetWeb\mvcEvent\View\FrontOffice/../Controller/EventController.php): Failed to open stream: No such file or directory in C:\xampp\htdocs\projetWeb\mvcEvent\View\FrontOffice\check_updates.php on line 14
[15-Apr-2025 02:39:39 Europe/Berlin] PHP Fatal error:  Uncaught Error: Failed opening required 'C:\xampp\htdocs\projetWeb\mvcEvent\View\FrontOffice/../Controller/EventController.php' (include_path='C:\xampp\php\PEAR') in C:\xampp\htdocs\projetWeb\mvcEvent\View\FrontOffice\check_updates.php:14
Stack trace:
#0 {main}
  thrown in C:\xampp\htdocs\projetWeb\mvcEvent\View\FrontOffice\check_updates.php on line 14
[15-Apr-2025 02:39:44 Europe/Berlin] PHP Warning:  require_once(C:\xampp\htdocs\projetWeb\mvcEvent\View\FrontOffice/../Controller/EventController.php): Failed to open stream: No such file or directory in C:\xampp\htdocs\projetWeb\mvcEvent\View\FrontOffice\check_updates.php on line 14
[15-Apr-2025 02:39:44 Europe/Berlin] PHP Fatal error:  Uncaught Error: Failed opening required 'C:\xampp\htdocs\projetWeb\mvcEvent\View\FrontOffice/../Controller/EventController.php' (include_path='C:\xampp\php\PEAR') in C:\xampp\htdocs\projetWeb\mvcEvent\View\FrontOffice\check_updates.php:14
Stack trace:
#0 {main}
  thrown in C:\xampp\htdocs\projetWeb\mvcEvent\View\FrontOffice\check_updates.php on line 14
[15-Apr-2025 02:39:49 Europe/Berlin] PHP Warning:  require_once(C:\xampp\htdocs\projetWeb\mvcEvent\View\FrontOffice/../Controller/EventController.php): Failed to open stream: No such file or directory in C:\xampp\htdocs\projetWeb\mvcEvent\View\FrontOffice\check_updates.php on line 14
[15-Apr-2025 02:39:49 Europe/Berlin] PHP Fatal error:  Uncaught Error: Failed opening required 'C:\xampp\htdocs\projetWeb\mvcEvent\View\FrontOffice/../Controller/EventController.php' (include_path='C:\xampp\php\PEAR') in C:\xampp\htdocs\projetWeb\mvcEvent\View\FrontOffice\check_updates.php:14
Stack trace:
#0 {main}
  thrown in C:\xampp\htdocs\projetWeb\mvcEvent\View\FrontOffice\check_updates.php on line 14
[15-Apr-2025 02:39:54 Europe/Berlin] PHP Warning:  require_once(C:\xampp\htdocs\projetWeb\mvcEvent\View\FrontOffice/../Controller/EventController.php): Failed to open stream: No such file or directory in C:\xampp\htdocs\projetWeb\mvcEvent\View\FrontOffice\check_updates.php on line 14
[15-Apr-2025 02:39:54 Europe/Berlin] PHP Fatal error:  Uncaught Error: Failed opening required 'C:\xampp\htdocs\projetWeb\mvcEvent\View\FrontOffice/../Controller/EventController.php' (include_path='C:\xampp\php\PEAR') in C:\xampp\htdocs\projetWeb\mvcEvent\View\FrontOffice\check_updates.php:14
Stack trace:
#0 {main}
  thrown in C:\xampp\htdocs\projetWeb\mvcEvent\View\FrontOffice\check_updates.php on line 14
[15-Apr-2025 02:39:59 Europe/Berlin] PHP Warning:  require_once(C:\xampp\htdocs\projetWeb\mvcEvent\View\FrontOffice/../Controller/EventController.php): Failed to open stream: No such file or directory in C:\xampp\htdocs\projetWeb\mvcEvent\View\FrontOffice\check_updates.php on line 14
[15-Apr-2025 02:39:59 Europe/Berlin] PHP Fatal error:  Uncaught Error: Failed opening required 'C:\xampp\htdocs\projetWeb\mvcEvent\View\FrontOffice/../Controller/EventController.php' (include_path='C:\xampp\php\PEAR') in C:\xampp\htdocs\projetWeb\mvcEvent\View\FrontOffice\check_updates.php:14
Stack trace:
#0 {main}
  thrown in C:\xampp\htdocs\projetWeb\mvcEvent\View\FrontOffice\check_updates.php on line 14
[15-Apr-2025 02:40:04 Europe/Berlin] PHP Warning:  require_once(C:\xampp\htdocs\projetWeb\mvcEvent\View\FrontOffice/../Controller/EventController.php): Failed to open stream: No such file or directory in C:\xampp\htdocs\projetWeb\mvcEvent\View\FrontOffice\check_updates.php on line 14
[15-Apr-2025 02:40:04 Europe/Berlin] PHP Fatal error:  Uncaught Error: Failed opening required 'C:\xampp\htdocs\projetWeb\mvcEvent\View\FrontOffice/../Controller/EventController.php' (include_path='C:\xampp\php\PEAR') in C:\xampp\htdocs\projetWeb\mvcEvent\View\FrontOffice\check_updates.php:14
Stack trace:
#0 {main}
  thrown in C:\xampp\htdocs\projetWeb\mvcEvent\View\FrontOffice\check_updates.php on line 14
[15-Apr-2025 02:40:09 Europe/Berlin] PHP Warning:  require_once(C:\xampp\htdocs\projetWeb\mvcEvent\View\FrontOffice/../Controller/EventController.php): Failed to open stream: No such file or directory in C:\xampp\htdocs\projetWeb\mvcEvent\View\FrontOffice\check_updates.php on line 14
[15-Apr-2025 02:40:09 Europe/Berlin] PHP Fatal error:  Uncaught Error: Failed opening required 'C:\xampp\htdocs\projetWeb\mvcEvent\View\FrontOffice/../Controller/EventController.php' (include_path='C:\xampp\php\PEAR') in C:\xampp\htdocs\projetWeb\mvcEvent\View\FrontOffice\check_updates.php:14
Stack trace:
#0 {main}
  thrown in C:\xampp\htdocs\projetWeb\mvcEvent\View\FrontOffice\check_updates.php on line 14
[15-Apr-2025 02:40:14 Europe/Berlin] PHP Warning:  require_once(C:\xampp\htdocs\projetWeb\mvcEvent\View\FrontOffice/../Controller/EventController.php): Failed to open stream: No such file or directory in C:\xampp\htdocs\projetWeb\mvcEvent\View\FrontOffice\check_updates.php on line 14
[15-Apr-2025 02:40:14 Europe/Berlin] PHP Fatal error:  Uncaught Error: Failed opening required 'C:\xampp\htdocs\projetWeb\mvcEvent\View\FrontOffice/../Controller/EventController.php' (include_path='C:\xampp\php\PEAR') in C:\xampp\htdocs\projetWeb\mvcEvent\View\FrontOffice\check_updates.php:14
Stack trace:
#0 {main}
  thrown in C:\xampp\htdocs\projetWeb\mvcEvent\View\FrontOffice\check_updates.php on line 14
[15-Apr-2025 02:40:19 Europe/Berlin] PHP Warning:  require_once(C:\xampp\htdocs\projetWeb\mvcEvent\View\FrontOffice/../Controller/EventController.php): Failed to open stream: No such file or directory in C:\xampp\htdocs\projetWeb\mvcEvent\View\FrontOffice\check_updates.php on line 14
[15-Apr-2025 02:40:19 Europe/Berlin] PHP Fatal error:  Uncaught Error: Failed opening required 'C:\xampp\htdocs\projetWeb\mvcEvent\View\FrontOffice/../Controller/EventController.php' (include_path='C:\xampp\php\PEAR') in C:\xampp\htdocs\projetWeb\mvcEvent\View\FrontOffice\check_updates.php:14
Stack trace:
#0 {main}
  thrown in C:\xampp\htdocs\projetWeb\mvcEvent\View\FrontOffice\check_updates.php on line 14
