Session ID: 5cj8ludq9mimv2k6ovf9f667jl
Session Data: Array
(
    [video_seen] => 1
    [user_id] => 132
    [user_email] => karimmlayah4@gmail.com
    [user_name] => zzdzq
    [user_role] => user
    [register_success] => Votre compte a été créé avec succès !
)

Session ID: 5cj8ludq9mimv2k6ovf9f667jl
Session Data: Array
(
    [video_seen] => 1
    [user_id] => 132
    [user_email] => karimmlayah4@gmail.com
    [user_name] => zzdzq
    [user_role] => user
    [register_success] => Votre compte a été créé avec succès !
)

Session ID: 5cj8ludq9mimv2k6ovf9f667jl
Request: Array
(
)

Session Data: Array
(
    [video_seen] => 1
    [user_id] => 139
    [user_email] => adf@gmail.com
    [user_name] => zzdzq
    [user_role] => user
    [register_success] => Votre compte a été créé avec succès !
)

Session ID: 5cj8ludq9mimv2k6ovf9f667jl
Request: Array
(
)

Session Data: Array
(
    [video_seen] => 1
    [user_id] => 139
    [user_email] => adf@gmail.com
    [user_name] => zzdzq
    [user_role] => user
    [register_success] => Votre compte a été créé avec succès !
)

Session ID: 5cj8ludq9mimv2k6ovf9f667jl
Request: Array
(
)

Session Data: Array
(
    [video_seen] => 1
    [user_id] => 139
    [user_email] => adf@gmail.com
    [user_name] => zzdzq
    [user_role] => user
    [register_success] => Votre compte a été créé avec succès !
)

Session ID: 5cj8ludq9mimv2k6ovf9f667jl
Request: Array
(
)

Session Data: Array
(
    [video_seen] => 1
    [user_id] => 139
    [user_email] => adf@gmail.com
    [user_name] => zzdzq
    [user_role] => user
    [register_success] => Votre compte a été créé avec succès !
)

