Register face output: Appuyez sur 'c' pour capturer la photo
Encodage sauvegardé: C:/xampp/htdocs/face/database\132.pkl
Photo sauvegardée: C:/xampp/htdocs/face/database\132.jpg
success
success

Register face output: Appuyez sur 'c' pour capturer la photo
Annulé par l'utilisateur.
Aucun visage detecte
Echec de l'enregistrement

Register face output: Appuyez sur 'c' pour capturer la photo
Encodage sauvegardé: C:/xampp/htdocs/face/database\132.pkl
Photo sauvegardée: C:/xampp/htdocs/face/database\132.jpg
success
success

Register face output: Appuyez sur 'c' pour capturer la photo
Encodage sauvegardé: C:/xampp/htdocs/face/database\139.pkl
Photo sauvegardée: C:/xampp/htdocs/face/database\139.jpg
success
success

Register face output: Appuyez sur 'c' pour capturer la photo
Encodage sauvegardé: C:/xampp/htdocs/face/database\139.pkl
Photo sauvegardée: C:/xampp/htdocs/face/database\139.jpg
success
success

Register face output: Appuyez sur 'c' pour capturer la photo
Encodage sauvegardé: C:/xampp/htdocs/face/database\148.pkl
Photo sauvegardée: C:/xampp/htdocs/face/database\148.jpg
success
success

Register face output: Appuyez sur 'c' pour capturer la photo
Encodage sauvegardé: C:/xampp/htdocs/face/database\150.pkl
Photo sauvegardée: C:/xampp/htdocs/face/database\150.jpg
success
success

Register face output: Appuyez sur 'c' pour capturer la photo
Encodage sauvegardé: C:/xampp/htdocs/face/database\152.pkl
Photo sauvegardée: C:/xampp/htdocs/face/database\152.jpg
success
success

