Session ID: 5cj8ludq9mimv2k6ovf9f667jl
Request to register_face.php: Array
(
    [user_id] => 142
)

Session Data: Array
(
    [video_seen] => 1
    [user_id] => 139
    [user_email] => adf@gmail.com
    [user_name] => zzdzq
    [user_role] => user
    [register_success] => Votre compte a été créé avec succès !
)

Session ID: 5cj8ludq9mimv2k6ovf9f667jl
Request to register_face.php: Array
(
    [user_id] => 143
)

Session Data: Array
(
    [video_seen] => 1
    [user_id] => 139
    [user_email] => adf@gmail.com
    [user_name] => zzdzq
    [user_role] => user
    [register_success] => Votre compte a été créé avec succès !
)

Request to register_face.php: Array
(
    [user_id] => 144
)

Session ID: 5cj8ludq9mimv2k6ovf9f667jl
Request to register_face.php: Array
(
    [user_id] => 145
)

Session Data: Array
(
    [video_seen] => 1
    [user_id] => 139
    [user_email] => adf@gmail.com
    [user_name] => zzdzq
    [user_role] => user
    [register_success] => Votre compte a été créé avec succès !
)

Session ID: 5cj8ludq9mimv2k6ovf9f667jl
Request to register_face.php: Array
(
    [user_id] => 146
)

Session Data: Array
(
    [video_seen] => 1
    [user_id] => 139
    [user_email] => adf@gmail.com
    [user_name] => zzdzq
    [user_role] => user
    [register_success] => Votre compte a été créé avec succès !
)

